# JRE version: Java(TM) SE Runtime Environment (8.0_111-b14) (build 1.8.0_111-b14)
# Java VM: Java HotSpot(TM) 64-Bit Server VM (25.111-b14 mixed mode linux-amd64 compressed oops)
Heap:
 PSYoungGen      total 139264K, used 14907K [0x000000076d100000, 0x0000000776300000, 0x00000007c0000000)
  eden space 129024K, 11% used [0x000000076d100000,0x000000076df8ec60,0x0000000774f00000)
  from space 10240K, 0% used [0x0000000775900000,0x0000000775900000,0x0000000776300000)
  to   space 10240K, 0% used [0x0000000774f00000,0x0000000774f00000,0x0000000775900000)
 ParOldGen       total 171008K, used 11485K [0x00000006c7200000, 0x00000006d1900000, 0x000000076d100000)
  object space 171008K, 6% used [0x00000006c7200000,0x00000006c7d375c0,0x00000006d1900000)
 Metaspace       used 16433K, capacity 16716K, committed 16896K, reserved 1064960K
  class space    used 1879K, capacity 1975K, committed 2048K, reserved 1048576K
GC Heap History (6 events):
Event: 1.047 GC heap before
{Heap before GC invocations=1 (full 0):
 PSYoungGen      total 74752K, used 64512K [0x000000076d100000, 0x0000000772400000, 0x00000007c0000000)
  eden space 64512K, 100% used [0x000000076d100000,0x0000000771000000,0x0000000771000000)
  from space 10240K, 0% used [0x0000000771a00000,0x0000000771a00000,0x0000000772400000)
  to   space 10240K, 0% used [0x0000000771000000,0x0000000771000000,0x0000000771a00000)
 ParOldGen       total 171008K, used 0K [0x00000006c7200000, 0x00000006d1900000, 0x000000076d100000)
  object space 171008K, 0% used [0x00000006c7200000,0x00000006c7200000,0x00000006d1900000)
 Metaspace       used 15885K, capacity 16212K, committed 16384K, reserved 1062912K
  class space    used 1802K, capacity 1921K, committed 2048K, reserved 1048576K
Event: 1.060 GC heap after
Heap after GC invocations=1 (full 0):
 PSYoungGen      total 74752K, used 10226K [0x000000076d100000, 0x0000000776300000, 0x00000007c0000000)
  eden space 64512K, 0% used [0x000000076d100000,0x000000076d100000,0x0000000771000000)
  from space 10240K, 99% used [0x0000000771000000,0x00000007719fc888,0x0000000771a00000)
  to   space 10240K, 0% used [0x0000000775900000,0x0000000775900000,0x0000000776300000)
 ParOldGen       total 171008K, used 1653K [0x00000006c7200000, 0x00000006d1900000, 0x000000076d100000)
  object space 171008K, 0% used [0x00000006c7200000,0x00000006c739d458,0x00000006d1900000)
 Metaspace       used 15885K, capacity 16212K, committed 16384K, reserved 1062912K
  class space    used 1802K, capacity 1921K, committed 2048K, reserved 1048576K
}
Event: 1.061 GC heap before
{Heap before GC invocations=2 (full 0):
 PSYoungGen      total 74752K, used 11516K [0x000000076d100000, 0x0000000776300000, 0x00000007c0000000)
  eden space 64512K, 2% used [0x000000076d100000,0x000000076d242938,0x0000000771000000)
  from space 10240K, 99% used [0x0000000771000000,0x00000007719fc888,0x0000000771a00000)
  to   space 10240K, 0% used [0x0000000775900000,0x0000000775900000,0x0000000776300000)
 ParOldGen       total 171008K, used 1653K [0x00000006c7200000, 0x00000006d1900000, 0x000000076d100000)
  object space 171008K, 0% used [0x00000006c7200000,0x00000006c739d458,0x00000006d1900000)
 Metaspace       used 15885K, capacity 16212K, committed 16384K, reserved 1062912K
  class space    used 1802K, capacity 1921K, committed 2048K, reserved 1048576K
Event: 1.073 GC heap after
Heap after GC invocations=2 (full 0):
 PSYoungGen      total 139264K, used 10198K [0x000000076d100000, 0x0000000776300000, 0x00000007c0000000)
  eden space 129024K, 0% used [0x000000076d100000,0x000000076d100000,0x0000000774f00000)
  from space 10240K, 99% used [0x0000000775900000,0x00000007762f58a0,0x0000000776300000)
  to   space 10240K, 0% used [0x0000000774f00000,0x0000000774f00000,0x0000000775900000)
 ParOldGen       total 171008K, used 1661K [0x00000006c7200000, 0x00000006d1900000, 0x000000076d100000)
  object space 171008K, 0% used [0x00000006c7200000,0x00000006c739f458,0x00000006d1900000)
 Metaspace       used 15885K, capacity 16212K, committed 16384K, reserved 1062912K
  class space    used 1802K, capacity 1921K, committed 2048K, reserved 1048576K
}
Event: 1.073 GC heap before
{Heap before GC invocations=3 (full 1):
 PSYoungGen      total 139264K, used 10198K [0x000000076d100000, 0x0000000776300000, 0x00000007c0000000)
  eden space 129024K, 0% used [0x000000076d100000,0x000000076d100000,0x0000000774f00000)
  from space 10240K, 99% used [0x0000000775900000,0x00000007762f58a0,0x0000000776300000)
  to   space 10240K, 0% used [0x0000000774f00000,0x0000000774f00000,0x0000000775900000)
 ParOldGen       total 171008K, used 1661K [0x00000006c7200000, 0x00000006d1900000, 0x000000076d100000)
  object space 171008K, 0% used [0x00000006c7200000,0x00000006c739f458,0x00000006d1900000)
 Metaspace       used 15885K, capacity 16212K, committed 16384K, reserved 1062912K
  class space    used 1802K, capacity 1921K, committed 2048K, reserved 1048576K
Event: 1.129 GC heap after
Heap after GC invocations=3 (full 1):
 PSYoungGen      total 139264K, used 0K [0x000000076d100000, 0x0000000776300000, 0x00000007c0000000)
  eden space 129024K, 0% used [0x000000076d100000,0x000000076d100000,0x0000000774f00000)
  from space 10240K, 0% used [0x0000000775900000,0x0000000775900000,0x0000000776300000)
  to   space 10240K, 0% used [0x0000000774f00000,0x0000000774f00000,0x0000000775900000)
 ParOldGen       total 171008K, used 11485K [0x00000006c7200000, 0x00000006d1900000, 0x000000076d100000)
  object space 171008K, 6% used [0x00000006c7200000,0x00000006c7d375c0,0x00000006d1900000)
 Metaspace       used 15885K, capacity 16212K, committed 16384K, reserved 1062912K
  class space    used 1802K, capacity 1921K, committed 2048K, reserved 1048576K
}

