# JRE version: Java(TM) SE Runtime Environment (8.0_111-b14) (build 1.8.0_111-b14)
# Java VM: Java HotSpot(TM) 64-Bit Server VM (25.111-b14 mixed mode linux-amd64 compressed oops)
Heap:
 PSYoungGen      total 139264K, used 19879K [0x000000076d100000, 0x0000000776300000, 0x00000007c0000000)
  eden space 129024K, 15% used [0x000000076d100000,0x000000076e469fd8,0x0000000774f00000)
  from space 10240K, 0% used [0x0000000775900000,0x0000000775900000,0x0000000776300000)
  to   space 10240K, 0% used [0x0000000774f00000,0x0000000774f00000,0x0000000775900000)
 ParOldGen       total 171008K, used 7603K [0x00000006c7200000, 0x00000006d1900000, 0x000000076d100000)
  object space 171008K, 4% used [0x00000006c7200000,0x00000006c796cd10,0x00000006d1900000)
 Metaspace       used 17062K, capacity 17458K, committed 17536K, reserved 1064960K
  class space    used 1971K, capacity 2106K, committed 2176K, reserved 1048576K
GC Heap History (6 events):
Event: 1.257 GC heap before
{Heap before GC invocations=1 (full 0):
 PSYoungGen      total 74752K, used 64512K [0x000000076d100000, 0x0000000772400000, 0x00000007c0000000)
  eden space 64512K, 100% used [0x000000076d100000,0x0000000771000000,0x0000000771000000)
  from space 10240K, 0% used [0x0000000771a00000,0x0000000771a00000,0x0000000772400000)
  to   space 10240K, 0% used [0x0000000771000000,0x0000000771000000,0x0000000771a00000)
 ParOldGen       total 171008K, used 0K [0x00000006c7200000, 0x00000006d1900000, 0x000000076d100000)
  object space 171008K, 0% used [0x00000006c7200000,0x00000006c7200000,0x00000006d1900000)
 Metaspace       used 16555K, capacity 16928K, committed 17152K, reserved 1064960K
  class space    used 1905K, capacity 2027K, committed 2048K, reserved 1048576K
Event: 1.272 GC heap after
Heap after GC invocations=1 (full 0):
 PSYoungGen      total 74752K, used 10236K [0x000000076d100000, 0x0000000776300000, 0x00000007c0000000)
  eden space 64512K, 0% used [0x000000076d100000,0x000000076d100000,0x0000000771000000)
  from space 10240K, 99% used [0x0000000771000000,0x00000007719ff2c8,0x0000000771a00000)
  to   space 10240K, 0% used [0x0000000775900000,0x0000000775900000,0x0000000776300000)
 ParOldGen       total 171008K, used 1796K [0x00000006c7200000, 0x00000006d1900000, 0x000000076d100000)
  object space 171008K, 1% used [0x00000006c7200000,0x00000006c73c1110,0x00000006d1900000)
 Metaspace       used 16555K, capacity 16928K, committed 17152K, reserved 1064960K
  class space    used 1905K, capacity 2027K, committed 2048K, reserved 1048576K
}
Event: 1.294 GC heap before
{Heap before GC invocations=2 (full 0):
 PSYoungGen      total 74752K, used 13403K [0x000000076d100000, 0x0000000776300000, 0x00000007c0000000)
  eden space 64512K, 4% used [0x000000076d100000,0x000000076d417cb0,0x0000000771000000)
  from space 10240K, 99% used [0x0000000771000000,0x00000007719ff2c8,0x0000000771a00000)
  to   space 10240K, 0% used [0x0000000775900000,0x0000000775900000,0x0000000776300000)
 ParOldGen       total 171008K, used 1796K [0x00000006c7200000, 0x00000006d1900000, 0x000000076d100000)
  object space 171008K, 1% used [0x00000006c7200000,0x00000006c73c1110,0x00000006d1900000)
 Metaspace       used 16700K, capacity 17026K, committed 17280K, reserved 1064960K
  class space    used 1927K, capacity 2060K, committed 2176K, reserved 1048576K
Event: 1.304 GC heap after
Heap after GC invocations=2 (full 0):
 PSYoungGen      total 139264K, used 7736K [0x000000076d100000, 0x0000000776300000, 0x00000007c0000000)
  eden space 129024K, 0% used [0x000000076d100000,0x000000076d100000,0x0000000774f00000)
  from space 10240K, 75% used [0x0000000775900000,0x000000077608e0b0,0x0000000776300000)
  to   space 10240K, 0% used [0x0000000774f00000,0x0000000774f00000,0x0000000775900000)
 ParOldGen       total 171008K, used 1804K [0x00000006c7200000, 0x00000006d1900000, 0x000000076d100000)
  object space 171008K, 1% used [0x00000006c7200000,0x00000006c73c3110,0x00000006d1900000)
 Metaspace       used 16700K, capacity 17026K, committed 17280K, reserved 1064960K
  class space    used 1927K, capacity 2060K, committed 2176K, reserved 1048576K
}
Event: 1.304 GC heap before
{Heap before GC invocations=3 (full 1):
 PSYoungGen      total 139264K, used 7736K [0x000000076d100000, 0x0000000776300000, 0x00000007c0000000)
  eden space 129024K, 0% used [0x000000076d100000,0x000000076d100000,0x0000000774f00000)
  from space 10240K, 75% used [0x0000000775900000,0x000000077608e0b0,0x0000000776300000)
  to   space 10240K, 0% used [0x0000000774f00000,0x0000000774f00000,0x0000000775900000)
 ParOldGen       total 171008K, used 1804K [0x00000006c7200000, 0x00000006d1900000, 0x000000076d100000)
  object space 171008K, 1% used [0x00000006c7200000,0x00000006c73c3110,0x00000006d1900000)
 Metaspace       used 16700K, capacity 17026K, committed 17280K, reserved 1064960K
  class space    used 1927K, capacity 2060K, committed 2176K, reserved 1048576K
Event: 1.363 GC heap after
Heap after GC invocations=3 (full 1):
 PSYoungGen      total 139264K, used 0K [0x000000076d100000, 0x0000000776300000, 0x00000007c0000000)
  eden space 129024K, 0% used [0x000000076d100000,0x000000076d100000,0x0000000774f00000)
  from space 10240K, 0% used [0x0000000775900000,0x0000000775900000,0x0000000776300000)
  to   space 10240K, 0% used [0x0000000774f00000,0x0000000774f00000,0x0000000775900000)
 ParOldGen       total 171008K, used 7603K [0x00000006c7200000, 0x00000006d1900000, 0x000000076d100000)
  object space 171008K, 4% used [0x00000006c7200000,0x00000006c796cd10,0x00000006d1900000)
 Metaspace       used 16700K, capacity 17026K, committed 17280K, reserved 1064960K
  class space    used 1927K, capacity 2060K, committed 2176K, reserved 1048576K
}

