# JRE version: Java(TM) SE Runtime Environment (8.0_101-b13) (build 1.8.0_101-b13)
# Java VM: Java HotSpot(TM) 64-Bit Server VM (25.101-b13 mixed mode linux-amd64 compressed oops)
Heap:
 PSYoungGen      total 37376K, used 20074K [0x000000076d100000, 0x0000000770180000, 0x00000007c0000000)
  eden space 36352K, 53% used [0x000000076d100000,0x000000076e3dabc0,0x000000076f480000)
  from space 1024K, 75% used [0x000000076f500000,0x000000076f5c0000,0x000000076f600000)
  to   space 6656K, 0% used [0x000000076fb00000,0x000000076fb00000,0x0000000770180000)
 ParOldGen       total 171008K, used 46498K [0x00000006c7200000, 0x00000006d1900000, 0x000000076d100000)
  object space 171008K, 27% used [0x00000006c7200000,0x00000006c9f68b38,0x00000006d1900000)
 Metaspace       used 19332K, capacity 20119K, committed 20352K, reserved 1067008K
  class space    used 2207K, capacity 2398K, committed 2432K, reserved 1048576K
GC Heap History (10 events):
Event: 1087.719 GC heap before
{Heap before GC invocations=34 (full 1):
 PSYoungGen      total 46592K, used 39680K [0x000000076d100000, 0x0000000770800000, 0x00000007c0000000)
  eden space 38912K, 100% used [0x000000076d100000,0x000000076f700000,0x000000076f700000)
  from space 7680K, 10% used [0x0000000770080000,0x0000000770140000,0x0000000770800000)
  to   space 8704K, 0% used [0x000000076f700000,0x000000076f700000,0x000000076ff80000)
 ParOldGen       total 171008K, used 44842K [0x00000006c7200000, 0x00000006d1900000, 0x000000076d100000)
  object space 171008K, 26% used [0x00000006c7200000,0x00000006c9dcab18,0x00000006d1900000)
 Metaspace       used 19322K, capacity 20119K, committed 20352K, reserved 1067008K
  class space    used 2207K, capacity 2398K, committed 2432K, reserved 1048576K
Event: 1087.724 GC heap after
Heap after GC invocations=34 (full 1):
 PSYoungGen      total 39424K, used 768K [0x000000076d100000, 0x0000000770680000, 0x00000007c0000000)
  eden space 38400K, 0% used [0x000000076d100000,0x000000076d100000,0x000000076f680000)
  from space 1024K, 75% used [0x000000076f700000,0x000000076f7c0000,0x000000076f800000)
  to   space 8192K, 0% used [0x000000076fe80000,0x000000076fe80000,0x0000000770680000)
 ParOldGen       total 171008K, used 45186K [0x00000006c7200000, 0x00000006d1900000, 0x000000076d100000)
  object space 171008K, 26% used [0x00000006c7200000,0x00000006c9e20b18,0x00000006d1900000)
 Metaspace       used 19322K, capacity 20119K, committed 20352K, reserved 1067008K
  class space    used 2207K, capacity 2398K, committed 2432K, reserved 1048576K
}
Event: 1178.692 GC heap before
{Heap before GC invocations=35 (full 1):
 PSYoungGen      total 39424K, used 39168K [0x000000076d100000, 0x0000000770680000, 0x00000007c0000000)
  eden space 38400K, 100% used [0x000000076d100000,0x000000076f680000,0x000000076f680000)
  from space 1024K, 75% used [0x000000076f700000,0x000000076f7c0000,0x000000076f800000)
  to   space 8192K, 0% used [0x000000076fe80000,0x000000076fe80000,0x0000000770680000)
 ParOldGen       total 171008K, used 45186K [0x00000006c7200000, 0x00000006d1900000, 0x000000076d100000)
  object space 171008K, 26% used [0x00000006c7200000,0x00000006c9e20b18,0x00000006d1900000)
 Metaspace       used 19322K, capacity 20119K, committed 20352K, reserved 1067008K
  class space    used 2207K, capacity 2398K, committed 2432K, reserved 1048576K
Event: 1178.696 GC heap after
Heap after GC invocations=35 (full 1):
 PSYoungGen      total 44544K, used 800K [0x000000076d100000, 0x0000000770500000, 0x00000007c0000000)
  eden space 37888K, 0% used [0x000000076d100000,0x000000076d100000,0x000000076f600000)
  from space 6656K, 12% used [0x000000076fe80000,0x000000076ff48000,0x0000000770500000)
  to   space 7680K, 0% used [0x000000076f600000,0x000000076f600000,0x000000076fd80000)
 ParOldGen       total 171008K, used 45522K [0x00000006c7200000, 0x00000006d1900000, 0x000000076d100000)
  object space 171008K, 26% used [0x00000006c7200000,0x00000006c9e74b18,0x00000006d1900000)
 Metaspace       used 19322K, capacity 20119K, committed 20352K, reserved 1067008K
  class space    used 2207K, capacity 2398K, committed 2432K, reserved 1048576K
}
Event: 1265.381 GC heap before
{Heap before GC invocations=36 (full 1):
 PSYoungGen      total 44544K, used 38688K [0x000000076d100000, 0x0000000770500000, 0x00000007c0000000)
  eden space 37888K, 100% used [0x000000076d100000,0x000000076f600000,0x000000076f600000)
  from space 6656K, 12% used [0x000000076fe80000,0x000000076ff48000,0x0000000770500000)
  to   space 7680K, 0% used [0x000000076f600000,0x000000076f600000,0x000000076fd80000)
 ParOldGen       total 171008K, used 45522K [0x00000006c7200000, 0x00000006d1900000, 0x000000076d100000)
  object space 171008K, 26% used [0x00000006c7200000,0x00000006c9e74b18,0x00000006d1900000)
 Metaspace       used 19322K, capacity 20119K, committed 20352K, reserved 1067008K
  class space    used 2207K, capacity 2398K, committed 2432K, reserved 1048576K
Event: 1265.386 GC heap after
Heap after GC invocations=36 (full 1):
 PSYoungGen      total 38400K, used 768K [0x000000076d100000, 0x0000000770380000, 0x00000007c0000000)
  eden space 37376K, 0% used [0x000000076d100000,0x000000076d100000,0x000000076f580000)
  from space 1024K, 75% used [0x000000076f600000,0x000000076f6c0000,0x000000076f700000)
  to   space 7168K, 0% used [0x000000076fc80000,0x000000076fc80000,0x0000000770380000)
 ParOldGen       total 171008K, used 45842K [0x00000006c7200000, 0x00000006d1900000, 0x000000076d100000)
  object space 171008K, 26% used [0x00000006c7200000,0x00000006c9ec4b18,0x00000006d1900000)
 Metaspace       used 19322K, capacity 20119K, committed 20352K, reserved 1067008K
  class space    used 2207K, capacity 2398K, committed 2432K, reserved 1048576K
}
Event: 1354.506 GC heap before
{Heap before GC invocations=37 (full 1):
 PSYoungGen      total 38400K, used 38144K [0x000000076d100000, 0x0000000770380000, 0x00000007c0000000)
  eden space 37376K, 100% used [0x000000076d100000,0x000000076f580000,0x000000076f580000)
  from space 1024K, 75% used [0x000000076f600000,0x000000076f6c0000,0x000000076f700000)
  to   space 7168K, 0% used [0x000000076fc80000,0x000000076fc80000,0x0000000770380000)
 ParOldGen       total 171008K, used 45842K [0x00000006c7200000, 0x00000006d1900000, 0x000000076d100000)
  object space 171008K, 26% used [0x00000006c7200000,0x00000006c9ec4b18,0x00000006d1900000)
 Metaspace       used 19322K, capacity 20119K, committed 20352K, reserved 1067008K
  class space    used 2207K, capacity 2398K, committed 2432K, reserved 1048576K
Event: 1354.510 GC heap after
Heap after GC invocations=37 (full 1):
 PSYoungGen      total 42496K, used 736K [0x000000076d100000, 0x0000000770200000, 0x00000007c0000000)
  eden space 36864K, 0% used [0x000000076d100000,0x000000076d100000,0x000000076f500000)
  from space 5632K, 13% used [0x000000076fc80000,0x000000076fd38000,0x0000000770200000)
  to   space 6656K, 0% used [0x000000076f500000,0x000000076f500000,0x000000076fb80000)
 ParOldGen       total 171008K, used 46178K [0x00000006c7200000, 0x00000006d1900000, 0x000000076d100000)
  object space 171008K, 27% used [0x00000006c7200000,0x00000006c9f18b38,0x00000006d1900000)
 Metaspace       used 19322K, capacity 20119K, committed 20352K, reserved 1067008K
  class space    used 2207K, capacity 2398K, committed 2432K, reserved 1048576K
}
Event: 1439.748 GC heap before
{Heap before GC invocations=38 (full 1):
 PSYoungGen      total 42496K, used 37600K [0x000000076d100000, 0x0000000770200000, 0x00000007c0000000)
  eden space 36864K, 100% used [0x000000076d100000,0x000000076f500000,0x000000076f500000)
  from space 5632K, 13% used [0x000000076fc80000,0x000000076fd38000,0x0000000770200000)
  to   space 6656K, 0% used [0x000000076f500000,0x000000076f500000,0x000000076fb80000)
 ParOldGen       total 171008K, used 46178K [0x00000006c7200000, 0x00000006d1900000, 0x000000076d100000)
  object space 171008K, 27% used [0x00000006c7200000,0x00000006c9f18b38,0x00000006d1900000)
 Metaspace       used 19322K, capacity 20119K, committed 20352K, reserved 1067008K
  class space    used 2207K, capacity 2398K, committed 2432K, reserved 1048576K
Event: 1439.752 GC heap after
Heap after GC invocations=38 (full 1):
 PSYoungGen      total 37376K, used 768K [0x000000076d100000, 0x0000000770180000, 0x00000007c0000000)
  eden space 36352K, 0% used [0x000000076d100000,0x000000076d100000,0x000000076f480000)
  from space 1024K, 75% used [0x000000076f500000,0x000000076f5c0000,0x000000076f600000)
  to   space 6656K, 0% used [0x000000076fb00000,0x000000076fb00000,0x0000000770180000)
 ParOldGen       total 171008K, used 46498K [0x00000006c7200000, 0x00000006d1900000, 0x000000076d100000)
  object space 171008K, 27% used [0x00000006c7200000,0x00000006c9f68b38,0x00000006d1900000)
 Metaspace       used 19322K, capacity 20119K, committed 20352K, reserved 1067008K
  class space    used 2207K, capacity 2398K, committed 2432K, reserved 1048576K
}

